================================================================================
OPTIMIZING FOR BEST CHIP POSSIBLE
================================================================================
Goals:
  1. Maximum robustness (highest stress tolerance)
  2. High frequency capability
  3. Maintain competitive performance (>100)
================================================================================

================================================================================
Testing λ=200
================================================================================

📊 Design Metrics:
  Performance:      105.27
  Power:           10.09W (margin: 15.9%)
  Efficiency:      10.43 perf/W
  Min Headroom:    0.4948

🔬 Testing Robustness...
  Power Tolerance:  15% (can handle 15% power cuts)
  Perf Tolerance:   35% (can handle 35% perf increases)
  Frequency Margin: 15.9% (unused power = freq headroom)

================================================================================
Testing λ=500
================================================================================

📊 Design Metrics:
  Performance:      111.62
  Power:           10.47W (margin: 12.7%)
  Efficiency:      10.66 perf/W
  Min Headroom:    0.4858

🔬 Testing Robustness...
  Power Tolerance:  10% (can handle 10% power cuts)
  Perf Tolerance:   30% (can handle 30% perf increases)
  Frequency Margin: 12.7% (unused power = freq headroom)

================================================================================
Testing λ=1000
================================================================================

📊 Design Metrics:
  Performance:      47.08
  Power:           10.62W (margin: 11.5%)
  Efficiency:      4.43 perf/W
  Min Headroom:    0.1000

🔬 Testing Robustness...
  Power Tolerance:  10% (can handle 10% power cuts)
  Perf Tolerance:   0% (can handle 0% perf increases)
  Frequency Margin: 11.5% (unused power = freq headroom)

================================================================================
Testing λ=2000
================================================================================

📊 Design Metrics:
  Performance:      47.08
  Power:           10.62W (margin: 11.5%)
  Efficiency:      4.43 perf/W
  Min Headroom:    0.1000

🔬 Testing Robustness...
  Power Tolerance:  10% (can handle 10% power cuts)
  Perf Tolerance:   0% (can handle 0% perf increases)
  Frequency Margin: 11.5% (unused power = freq headroom)

================================================================================
Testing λ=5000
================================================================================

📊 Design Metrics:
  Performance:      47.08
  Power:           10.62W (margin: 11.5%)
  Efficiency:      4.43 perf/W
  Min Headroom:    0.1000

🔬 Testing Robustness...
  Power Tolerance:  10% (can handle 10% power cuts)
  Perf Tolerance:   0% (can handle 0% perf increases)
  Frequency Margin: 11.5% (unused power = freq headroom)

================================================================================
RESULTS COMPARISON
================================================================================
     λ |   Perf |   Power |  PwrMgn |    Eff |  Headrm |  PwrTol |  PerfTol
--------------------------------------------------------------------------------
   200 | 105.27 |  10.09W |   15.9% |  10.43 |  0.4948 |     15% |      35%
   500 | 111.62 |  10.47W |   12.7% |  10.66 |  0.4858 |     10% |      30%
  1000 |  47.08 |  10.62W |   11.5% |   4.43 |  0.1000 |     10% |       0%
  2000 |  47.08 |  10.62W |   11.5% |   4.43 |  0.1000 |     10% |       0%
  5000 |  47.08 |  10.62W |   11.5% |   4.43 |  0.1000 |     10% |       0%

================================================================================
RECOMMENDATION: BEST CHIP DESIGN
================================================================================

Best Configuration: λ=200

📈 Performance:
  Score:           105.27
  Efficiency:      10.43 perf/W

⚡ Power & Frequency:
  Power:           10.09W / 12.0W
  Power Margin:    15.9% (headroom for frequency boost)
  Power Tolerance: 15%

🛡️ Robustness:
  Min Headroom:    0.4948
  Power Tolerance:  15% (can cut power by 15%)
  Perf Tolerance:   35% (can boost perf reqs by 35%)

✓ Configuration: SoftminJAMAgent(lambda_weight=200, beta=5.0)
================================================================================
