
================================================================================
GREEDY vs PURE INTRINSIC OPTIMIZATION COMPARISON
================================================================================
Runs: 50
Design steps: 75
Adaptation steps: 25

Agents being tested:
  1. Greedy - Maximizes immediate performance gain
  2. JAM (hard min) - Pure log(min(headroom)) optimization
  3. HybridJAM (λ=1) - Ultra-aggressive: minimal penalty
  4. SoftminJAM (λ=0.001,β=0.5) - Ultra-minimal: λ→0 for max performance
  5. SoftminJAM (λ=0.01,β=0.75) - Minimal: approaching pure sum
  6. SoftminJAM (λ=0.05,β=1.0) - Very light: should match/exceed JAM
  7. SoftminJAM (λ=0.1,β=1.5) - Light: smooth optimization advantage

✓ ALL agents use PURE intrinsic optimization (NO external constraints)
================================================================================

Completed 10/50 runs...
Completed 20/50 runs...
Completed 30/50 runs...
Completed 40/50 runs...
Completed 50/50 runs...

================================================================================
DETAILED STATISTICS
================================================================================

Greedy
------
  Design Phase:
    Performance:       93.90 ±  0.00
    Efficiency:         8.54 ±  0.00 perf/W
    Power:             10.99 ±  0.00 W
    Min Headroom:       0.42 ±  0.00
  Robustness:
    Survival Rate:     42.0% (21/50)

JAM (pure log-min)
------------------
  Design Phase:
/usr/local/lib/python3.11/dist-packages/numpy/_core/fromnumeric.py:3860: RuntimeWarning: Mean of empty slice.
  return _methods._mean(a, axis=axis, dtype=dtype,
/usr/local/lib/python3.11/dist-packages/numpy/_core/_methods.py:144: RuntimeWarning: invalid value encountered in scalar divide
  ret = ret.dtype.type(ret / rcount)
/usr/local/lib/python3.11/dist-packages/numpy/_core/_methods.py:222: RuntimeWarning: Degrees of freedom <= 0 for slice
  ret = _var(a, axis=axis, dtype=dtype, out=out, ddof=ddof,
/usr/local/lib/python3.11/dist-packages/numpy/_core/_methods.py:180: RuntimeWarning: invalid value encountered in divide
  arrmean = um.true_divide(arrmean, div, out=arrmean,
/usr/local/lib/python3.11/dist-packages/numpy/_core/_methods.py:214: RuntimeWarning: invalid value encountered in scalar divide
  ret = ret.dtype.type(ret / rcount)
    Performance:         nan ±   nan
    Efficiency:          nan ±   nan perf/W
    Power:               nan ±   nan W
    Min Headroom:        nan ±   nan
  Robustness:
    Survival Rate:      nan% (0/0)

AdaptiveJAM
-----------
  Design Phase:
    Performance:         nan ±   nan
    Efficiency:          nan ±   nan perf/W
    Power:               nan ±   nan W
    Min Headroom:        nan ±   nan
  Robustness:
    Survival Rate:      nan% (0/0)

HybridJAM (λ=1000)
------------------
  Design Phase:
    Performance:         nan ±   nan
    Efficiency:          nan ±   nan perf/W
    Power:               nan ±   nan W
    Min Headroom:        nan ±   nan
  Robustness:
    Survival Rate:      nan% (0/0)


✓ Visualization saved to: greedy_vs_intrinsic.png

✓ Visualization saved to: greedy_vs_intrinsic.png

================================================================================
COMPARISON COMPLETE!
================================================================================
✓ All JAM agents use PURE intrinsic optimization (NO external constraints)

Files created:
  - greedy_vs_intrinsic.png (comprehensive visualization)
  - greedy_vs_intrinsic_data.json (raw data)
================================================================================

